<?xml version="1.0" encoding="UTF-8"?>
<!-- Generated by org.testng.reporters.JUnitReportReporter -->
<testsuite hostname="N1ko-PC" failures="0" tests="1" name="AndroidIOSTesting.Appium.DragAndDropPractice" time="4.950" errors="0" timestamp="2023-07-31T17:18:38 EDT" skipped="0">
  <testcase classname="AndroidIOSTesting.Appium.DragAndDropPractice" name="testDragAndDrop" time="4.950"/>
  <system-out/>
</testsuite> <!-- AndroidIOSTesting.Appium.DragAndDropPractice -->
