<?xml version="1.0" encoding="UTF-8"?>
<!-- Generated by org.testng.reporters.JUnitReportReporter -->
<testsuite hostname="N1ko-PC" failures="0" tests="1" name="AndroidIOSTesting.Appium.testWifiSettings" time="7.875" errors="0" timestamp="2023-07-22T04:00:59 EDT" skipped="0">
  <testcase classname="AndroidIOSTesting.Appium.testWifiSettings" name="testAndroid" time="7.875"/>
  <system-out/>
</testsuite> <!-- AndroidIOSTesting.Appium.testWifiSettings -->
