<?xml version="1.0" encoding="UTF-8"?>
<!-- Generated by org.testng.reporters.JUnitReportReporter -->
<testsuite hostname="N1ko-PC" failures="0" tests="1" name="AndroidIOSTesting.Appium.SwipeTest" time="6.151" errors="0" timestamp="2023-07-31T16:53:35 EDT" skipped="0">
  <testcase classname="AndroidIOSTesting.Appium.SwipeTest" name="testing" time="6.151"/>
  <system-out/>
</testsuite> <!-- AndroidIOSTesting.Appium.SwipeTest -->
