<?xml version="1.0" encoding="UTF-8"?>
<!-- Generated by org.testng.reporters.JUnitReportReporter -->
<testsuite hostname="N1ko-PC" failures="0" tests="1" name="AndroidIOSTesting.Appium.testingGoogleChrome" time="13.550" errors="0" timestamp="2023-07-22T18:45:35 EDT" skipped="0">
  <testcase classname="AndroidIOSTesting.Appium.testingGoogleChrome" name="testChrome" time="13.550"/>
  <system-out/>
</testsuite> <!-- AndroidIOSTesting.Appium.testingGoogleChrome -->
